{"/Users/prattvaidya/Code/ExerciseFiles/jest-basics/anagram.js": {"path":"/Users/prattvaidya/Code/ExerciseFiles/jest-basics/anagram.js","statementMap":{"0":{"start":{"line":2,"column":4},"end":{"line":2,"column":46}},"1":{"start":{"line":7,"column":4},"end":{"line":12,"column":17}},"2":{"start":{"line":15,"column":0},"end":{"line":15,"column":27}}},"fnMap":{"0":{"name":"isAnagram","decl":{"start":{"line":1,"column":9},"end":{"line":1,"column":18}},"loc":{"start":{"line":1,"column":31},"end":{"line":3,"column":1}},"line":1},"1":{"name":"formatStr","decl":{"start":{"line":6,"column":9},"end":{"line":6,"column":18}},"loc":{"start":{"line":6,"column":24},"end":{"line":13,"column":1}},"line":6}},"branchMap":{},"s":{"0":3,"1":6,"2":1},"f":{"0":3,"1":6},"b":{},"_coverageSchema":"1a1c01bbd47fc00a2c39e90264f33305004495a9","hash":"09198477b635ae3b166209f2132de5a35a8044e5"}
,"/Users/prattvaidya/Code/ExerciseFiles/jest-basics/chunk.js": {"path":"/Users/prattvaidya/Code/ExerciseFiles/jest-basics/chunk.js","statementMap":{"0":{"start":{"line":1,"column":19},"end":{"line":19,"column":1}},"1":{"start":{"line":3,"column":23},"end":{"line":3,"column":25}},"2":{"start":{"line":6,"column":4},"end":{"line":16,"column":6}},"3":{"start":{"line":8,"column":21},"end":{"line":8,"column":54}},"4":{"start":{"line":11,"column":8},"end":{"line":15,"column":9}},"5":{"start":{"line":12,"column":12},"end":{"line":12,"column":34}},"6":{"start":{"line":14,"column":12},"end":{"line":14,"column":26}},"7":{"start":{"line":18,"column":4},"end":{"line":18,"column":21}},"8":{"start":{"line":21,"column":0},"end":{"line":21,"column":27}}},"fnMap":{"0":{"name":"(anonymous_0)","decl":{"start":{"line":1,"column":19},"end":{"line":1,"column":20}},"loc":{"start":{"line":1,"column":33},"end":{"line":19,"column":1}},"line":1},"1":{"name":"(anonymous_1)","decl":{"start":{"line":6,"column":16},"end":{"line":6,"column":17}},"loc":{"start":{"line":6,"column":23},"end":{"line":16,"column":5}},"line":6}},"branchMap":{"0":{"loc":{"start":{"line":11,"column":8},"end":{"line":15,"column":9}},"type":"if","locations":[{"start":{"line":11,"column":8},"end":{"line":15,"column":9}},{"start":{"line":11,"column":8},"end":{"line":15,"column":9}}],"line":11},"1":{"loc":{"start":{"line":11,"column":12},"end":{"line":11,"column":39}},"type":"binary-expr","locations":[{"start":{"line":11,"column":12},"end":{"line":11,"column":17}},{"start":{"line":11,"column":21},"end":{"line":11,"column":39}}],"line":11}},"s":{"0":1,"1":2,"2":2,"3":13,"4":13,"5":8,"6":5,"7":2,"8":1},"f":{"0":2,"1":13},"b":{"0":[8,5],"1":[13,11]},"_coverageSchema":"1a1c01bbd47fc00a2c39e90264f33305004495a9","hash":"9a769811100f59fde050fd145597f88e3a0265f0"}
,"/Users/prattvaidya/Code/ExerciseFiles/jest-basics/functions.js": {"path":"/Users/prattvaidya/Code/ExerciseFiles/jest-basics/functions.js","statementMap":{"0":{"start":{"line":1,"column":27},"end":{"line":1,"column":43}},"1":{"start":{"line":3,"column":18},"end":{"line":18,"column":1}},"2":{"start":{"line":4,"column":25},"end":{"line":4,"column":36}},"3":{"start":{"line":5,"column":18},"end":{"line":5,"column":22}},"4":{"start":{"line":6,"column":21},"end":{"line":6,"column":22}},"5":{"start":{"line":8,"column":21},"end":{"line":10,"column":9}},"6":{"start":{"line":11,"column":8},"end":{"line":11,"column":35}},"7":{"start":{"line":13,"column":8},"end":{"line":13,"column":19}},"8":{"start":{"line":15,"column":23},"end":{"line":17,"column":30}},"9":{"start":{"line":16,"column":21},"end":{"line":16,"column":29}},"10":{"start":{"line":17,"column":22},"end":{"line":17,"column":29}},"11":{"start":{"line":20,"column":0},"end":{"line":20,"column":26}}},"fnMap":{"0":{"name":"(anonymous_0)","decl":{"start":{"line":4,"column":9},"end":{"line":4,"column":10}},"loc":{"start":{"line":4,"column":25},"end":{"line":4,"column":36}},"line":4},"1":{"name":"(anonymous_1)","decl":{"start":{"line":5,"column":12},"end":{"line":5,"column":13}},"loc":{"start":{"line":5,"column":18},"end":{"line":5,"column":22}},"line":5},"2":{"name":"(anonymous_2)","decl":{"start":{"line":6,"column":16},"end":{"line":6,"column":17}},"loc":{"start":{"line":6,"column":21},"end":{"line":6,"column":22}},"line":6},"3":{"name":"(anonymous_3)","decl":{"start":{"line":7,"column":16},"end":{"line":7,"column":17}},"loc":{"start":{"line":7,"column":22},"end":{"line":14,"column":5}},"line":7},"4":{"name":"(anonymous_4)","decl":{"start":{"line":15,"column":15},"end":{"line":15,"column":16}},"loc":{"start":{"line":15,"column":23},"end":{"line":17,"column":30}},"line":15},"5":{"name":"(anonymous_5)","decl":{"start":{"line":16,"column":14},"end":{"line":16,"column":15}},"loc":{"start":{"line":16,"column":21},"end":{"line":16,"column":29}},"line":16},"6":{"name":"(anonymous_6)","decl":{"start":{"line":17,"column":15},"end":{"line":17,"column":16}},"loc":{"start":{"line":17,"column":22},"end":{"line":17,"column":29}},"line":17}},"branchMap":{},"s":{"0":1,"1":1,"2":2,"3":1,"4":1,"5":1,"6":1,"7":1,"8":2,"9":1,"10":1,"11":1},"f":{"0":2,"1":1,"2":1,"3":1,"4":2,"5":1,"6":1},"b":{},"_coverageSchema":"1a1c01bbd47fc00a2c39e90264f33305004495a9","hash":"56c43f452496876e8695c8660ea5b51334a1ea30"}
,"/Users/prattvaidya/Code/ExerciseFiles/jest-basics/reversestring.js": {"path":"/Users/prattvaidya/Code/ExerciseFiles/jest-basics/reversestring.js","statementMap":{"0":{"start":{"line":1,"column":22},"end":{"line":6,"column":17}},"1":{"start":{"line":2,"column":4},"end":{"line":6,"column":17}},"2":{"start":{"line":8,"column":0},"end":{"line":8,"column":30}}},"fnMap":{"0":{"name":"(anonymous_0)","decl":{"start":{"line":1,"column":22},"end":{"line":1,"column":23}},"loc":{"start":{"line":2,"column":4},"end":{"line":6,"column":17}},"line":2}},"branchMap":{},"s":{"0":1,"1":2,"2":1},"f":{"0":2},"b":{},"_coverageSchema":"1a1c01bbd47fc00a2c39e90264f33305004495a9","hash":"0af51fe97cfa6d477c40460870b52d01706a5d23"}
}
